<?xml version="1.0" encoding="UTF-8"?>
<!-- Generated by org.testng.reporters.JUnitReportReporter -->
<testsuite hostname="DESKTOP-A9UC6L4" failures="0" tests="1" name="org.selenium.MyFirstTestCase" time="3.393" errors="0" timestamp="2022-11-07T11:24:03 CET" skipped="0">
  <testcase classname="org.selenium.MyFirstTestCase" name="dummyTest" time="3.393"/>
  <system-out/>
</testsuite> <!-- org.selenium.MyFirstTestCase -->
